<?xml version="1.0" encoding="UTF-8"?>
<!-- Generated by org.testng.reporters.JUnitReportReporter -->
<testsuite hostname="ALC-3X0DCC2" name="com.everis.javaschool.inventory.ProductTest" tests="1" failures="0" timestamp="12 Dec 2016 12:54:39 GMT" time="0,167" errors="0">
  <testcase name="test" time="0,167" classname="com.everis.javaschool.inventory.ProductTest"/>
</testsuite>
